AX51 MACRO ASSEMBLER  LEDSTRIP                                                              04/21/20 09:40:39 PAGE     1


MACRO ASSEMBLER AX51 V3.15.3.0
OBJECT MODULE PLACED IN .\src\LEDStrip.OBJ
ASSEMBLER INVOKED BY: Z:\Applications\Simplicity Studio.app\Contents\Eclipse\developer\toolchains\keil_8051\9.60\BIN\AX5
                      1.exe /Users/clfilho/SimplicityStudio/March20/LEDStrip_UB1/src/LEDStrip.A51 ERRORPRINT SET(SMALL,S
                      ILABS_STARTUP=1) DEBUG MACRO NOMOD51 INCDIR(/Applications/Simplicity Studio.app/Contents/Eclipse/d
                      eveloper/sdks/8051/v4.1.7//Device/shared/si8051Base;/Applications/Simplicity Studio.app/Contents/E
                      clipse/developer/sdks/8051/v4.1.7//Device/EFM8UB1/inc) PRINT(.\src\LEDStrip.lst) COND SYMBOLS PAGE
                      WIDTH(120) PAGELENGTH(65) OBJECT(.\src\LEDStrip.OBJ) 

LOC    OBJ             LINE     SOURCE

                          1     $nomod51 
                          2     
                          3     NAME LEDStrip
                          4     ;$include (SI_EFM8UB1_Defs.inc) 
                    +1    5     ;------------------------------------------------------------------------------
                    +1    6     ; Copyright 2014 Silicon Laboratories, Inc.
                    +1    7     ; All rights reserved. This program and the accompanying materials
                    +1    8     ; are made available under the terms of the Silicon Laboratories End User
                    +1    9     ; License Agreement which accompanies this distribution, and is available at
                    +1   10     ; http://developer.silabs.com/legal/version/v11/Silicon_Labs_Software_License_Agreement.
                               txt
                    +1   11     ; Original content and implementation provided by Silicon Laboratories.
                    +1   12     ;------------------------------------------------------------------------------
                    +1   13     ;Supported Devices:
                    +1   14     ;  EFM8UB10F16G_QFN20
                    +1   15     ;  EFM8UB10F16G_QFN28
                    +1   16     ;  EFM8UB10F8G_QFN20
                    +1   17     ;  EFM8UB11F16G_QFN24
                    +1   18     ;  EFM8UB11F16G_QSOP24
                    +1   19     
                    +1   20     ;-----------------------------------------------------------------------------
                    +1   21     ; Register Definitions
                    +1   22     ;-----------------------------------------------------------------------------
 00E0               +1   23     ACC       DATA 0E0H; Accumulator                            
 00B3               +1   24     ADC0AC    DATA 0B3H; ADC0 Accumulator Configuration         
 00BC               +1   25     ADC0CF    DATA 0BCH; ADC0 Configuration                     
 00E8               +1   26     ADC0CN0   DATA 0E8H; ADC0 Control 0                         
 00B2               +1   27     ADC0CN1   DATA 0B2H; ADC0 Control 1                         
 00C4               +1   28     ADC0GTH   DATA 0C4H; ADC0 Greater-Than High Byte            
 00C3               +1   29     ADC0GTL   DATA 0C3H; ADC0 Greater-Than Low Byte             
 00BE               +1   30     ADC0H     DATA 0BEH; ADC0 Data Word High Byte               
 00BD               +1   31     ADC0L     DATA 0BDH; ADC0 Data Word Low Byte                
 00C6               +1   32     ADC0LTH   DATA 0C6H; ADC0 Less-Than High Byte               
 00C5               +1   33     ADC0LTL   DATA 0C5H; ADC0 Less-Than Low Byte                
 00BB               +1   34     ADC0MX    DATA 0BBH; ADC0 Multiplexer Selection             
 00DF               +1   35     ADC0PWR   DATA 0DFH; ADC0 Power Control                     
 00B9               +1   36     ADC0TK    DATA 0B9H; ADC0 Burst Mode Track Time             
 00F0               +1   37     B         DATA 0F0H; B Register                             
 008E               +1   38     CKCON0    DATA 08EH; Clock Control 0                        
 00A6               +1   39     CKCON1    DATA 0A6H; Clock Control 1                        
 00A9               +1   40     CLKSEL    DATA 0A9H; Clock Select                           
 009B               +1   41     CMP0CN0   DATA 09BH; Comparator 0 Control 0                 
 0099               +1   42     CMP0CN1   DATA 099H; Comparator 0 Control 1                 
 009D               +1   43     CMP0MD    DATA 09DH; Comparator 0 Mode                      
 009F               +1   44     CMP0MX    DATA 09FH; Comparator 0 Multiplexer Selection     
 00BF               +1   45     CMP1CN0   DATA 0BFH; Comparator 1 Control 0                 
 00AC               +1   46     CMP1CN1   DATA 0ACH; Comparator 1 Control 1                 
 00AB               +1   47     CMP1MD    DATA 0ABH; Comparator 1 Mode                      
 00AA               +1   48     CMP1MX    DATA 0AAH; Comparator 1 Multiplexer Selection     
 00CE               +1   49     CRC0CN0   DATA 0CEH; CRC0 Control 0                         
AX51 MACRO ASSEMBLER  LEDSTRIP                                                              04/21/20 09:40:39 PAGE     2

 0086               +1   50     CRC0CN1   DATA 086H; CRC0 Control 1                         
 00D3               +1   51     CRC0CNT   DATA 0D3H; CRC0 Automatic Flash Sector Count      
 00DE               +1   52     CRC0DAT   DATA 0DEH; CRC0 Data Output                       
 00CF               +1   53     CRC0FLIP  DATA 0CFH; CRC0 Bit Flip                          
 00DD               +1   54     CRC0IN    DATA 0DDH; CRC0 Data Input                        
 00D2               +1   55     CRC0ST    DATA 0D2H; CRC0 Automatic Flash Sector Start      
 00AD               +1   56     DERIVID   DATA 0ADH; Derivative Identification              
 00B5               +1   57     DEVICEID  DATA 0B5H; Device Identification                  
 0083               +1   58     DPH       DATA 083H; Data Pointer High                      
 0082               +1   59     DPL       DATA 082H; Data Pointer Low                       
 00E6               +1   60     EIE1      DATA 0E6H; Extended Interrupt Enable 1            
 00CE               +1   61     EIE2      DATA 0CEH; Extended Interrupt Enable 2            
 00F3               +1   62     EIP1      DATA 0F3H; Extended Interrupt Priority 1 Low      
 00F5               +1   63     EIP1H     DATA 0F5H; Extended Interrupt Priority 1 High     
 00F4               +1   64     EIP2      DATA 0F4H; Extended Interrupt Priority 2          
 00F6               +1   65     EIP2H     DATA 0F6H; Extended Interrupt Priority 2 High     
 00E7               +1   66     EMI0CN    DATA 0E7H; External Memory Interface Control      
 00B7               +1   67     FLKEY     DATA 0B7H; Flash Lock and Key                     
 00C7               +1   68     HFO0CAL   DATA 0C7H; High Frequency Oscillator 0 Calibration
 00D6               +1   69     HFO1CAL   DATA 0D6H; High Frequency Oscillator 1 Calibration
 00EF               +1   70     HFOCN     DATA 0EFH; High Frequency Oscillator Control      
 00BA               +1   71     I2C0CN0   DATA 0BAH; I2C0 Control                           
 00BC               +1   72     I2C0DIN   DATA 0BCH; I2C0 Received Data                     
 00BB               +1   73     I2C0DOUT  DATA 0BBH; I2C0 Transmit Data                     
 00AD               +1   74     I2C0FCN0  DATA 0ADH; I2C0 FIFO Control 0                    
 00AB               +1   75     I2C0FCN1  DATA 0ABH; I2C0 FIFO Control 1                    
 00F5               +1   76     I2C0FCT   DATA 0F5H; I2C0 FIFO Count                        
 00BD               +1   77     I2C0SLAD  DATA 0BDH; I2C0 Slave Address                     
 00B9               +1   78     I2C0STAT  DATA 0B9H; I2C0 Status                            
 00A8               +1   79     IE        DATA 0A8H; Interrupt Enable                       
 00B8               +1   80     IP        DATA 0B8H; Interrupt Priority                     
 00F2               +1   81     IPH       DATA 0F2H; Interrupt Priority High                
 00E4               +1   82     IT01CF    DATA 0E4H; INT0/INT1 Configuration                
 00B1               +1   83     LFO0CN    DATA 0B1H; Low Frequency Oscillator Control       
 0080               +1   84     P0        DATA 080H; Port 0 Pin Latch                       
 00FE               +1   85     P0MASK    DATA 0FEH; Port 0 Mask                            
 00FD               +1   86     P0MAT     DATA 0FDH; Port 0 Match                           
 00F1               +1   87     P0MDIN    DATA 0F1H; Port 0 Input Mode                      
 00A4               +1   88     P0MDOUT   DATA 0A4H; Port 0 Output Mode                     
 00D4               +1   89     P0SKIP    DATA 0D4H; Port 0 Skip                            
 0090               +1   90     P1        DATA 090H; Port 1 Pin Latch                       
 00EE               +1   91     P1MASK    DATA 0EEH; Port 1 Mask                            
 00ED               +1   92     P1MAT     DATA 0EDH; Port 1 Match                           
 00F2               +1   93     P1MDIN    DATA 0F2H; Port 1 Input Mode                      
 00A5               +1   94     P1MDOUT   DATA 0A5H; Port 1 Output Mode                     
 00D5               +1   95     P1SKIP    DATA 0D5H; Port 1 Skip                            
 00A0               +1   96     P2        DATA 0A0H; Port 2 Pin Latch                       
 00FC               +1   97     P2MASK    DATA 0FCH; Port 2 Mask                            
 00FB               +1   98     P2MAT     DATA 0FBH; Port 2 Match                           
 00F3               +1   99     P2MDIN    DATA 0F3H; Port 2 Input Mode                      
 00A6               +1  100     P2MDOUT   DATA 0A6H; Port 2 Output Mode                     
 00CC               +1  101     P2SKIP    DATA 0CCH; Port 2 Skip                            
 00B0               +1  102     P3        DATA 0B0H; Port 3 Pin Latch                       
 00F4               +1  103     P3MDIN    DATA 0F4H; Port 3 Input Mode                      
 009C               +1  104     P3MDOUT   DATA 09CH; Port 3 Output Mode                     
 009E               +1  105     PCA0CENT  DATA 09EH; PCA Center Alignment Enable            
 009C               +1  106     PCA0CLR   DATA 09CH; PCA Comparator Clear Control           
 00D8               +1  107     PCA0CN0   DATA 0D8H; PCA Control                            
 00FC               +1  108     PCA0CPH0  DATA 0FCH; PCA Channel 0 Capture Module High Byte 
 00EA               +1  109     PCA0CPH1  DATA 0EAH; PCA Channel 1 Capture Module High Byte 
 00EC               +1  110     PCA0CPH2  DATA 0ECH; PCA Channel 2 Capture Module High Byte 
 00FB               +1  111     PCA0CPL0  DATA 0FBH; PCA Channel 0 Capture Module Low Byte  
 00E9               +1  112     PCA0CPL1  DATA 0E9H; PCA Channel 1 Capture Module Low Byte  
AX51 MACRO ASSEMBLER  LEDSTRIP                                                              04/21/20 09:40:39 PAGE     3

 00EB               +1  113     PCA0CPL2  DATA 0EBH; PCA Channel 2 Capture Module Low Byte  
 00DA               +1  114     PCA0CPM0  DATA 0DAH; PCA Channel 0 Capture/Compare Mode     
 00DB               +1  115     PCA0CPM1  DATA 0DBH; PCA Channel 1 Capture/Compare Mode     
 00DC               +1  116     PCA0CPM2  DATA 0DCH; PCA Channel 2 Capture/Compare Mode     
 00FA               +1  117     PCA0H     DATA 0FAH; PCA Counter/Timer High Byte            
 00F9               +1  118     PCA0L     DATA 0F9H; PCA Counter/Timer Low Byte             
 00D9               +1  119     PCA0MD    DATA 0D9H; PCA Mode                               
 0096               +1  120     PCA0POL   DATA 096H; PCA Output Polarity                    
 00F7               +1  121     PCA0PWM   DATA 0F7H; PCA PWM Configuration                  
 0087               +1  122     PCON0     DATA 087H; Power Control                          
 009A               +1  123     PCON1     DATA 09AH; Power Control 1                        
 00C1               +1  124     PFE0CN    DATA 0C1H; Prefetch Engine Control                
 00F6               +1  125     PRTDRV    DATA 0F6H; Port Drive Strength                    
 008F               +1  126     PSCTL     DATA 08FH; Program Store Control                  
 00D0               +1  127     PSW       DATA 0D0H; Program Status Word                    
 00D1               +1  128     REF0CN    DATA 0D1H; Voltage Reference Control              
 00C9               +1  129     REG0CN    DATA 0C9H; Voltage Regulator 0 Control            
 00C6               +1  130     REG1CN    DATA 0C6H; Voltage Regulator 1 Control            
 00B6               +1  131     REVID     DATA 0B6H; Revision Identifcation                 
 00EF               +1  132     RSTSRC    DATA 0EFH; Reset Source                           
 0094               +1  133     SBCON1    DATA 094H; UART1 Baud Rate Generator Control      
 0096               +1  134     SBRLH1    DATA 096H; UART1 Baud Rate Generator High Byte    
 0095               +1  135     SBRLL1    DATA 095H; UART1 Baud Rate Generator Low Byte     
 0099               +1  136     SBUF0     DATA 099H; UART0 Serial Port Data Buffer          
 0092               +1  137     SBUF1     DATA 092H; UART1 Serial Port Data Buffer          
 0098               +1  138     SCON0     DATA 098H; UART0 Serial Port Control              
 00C8               +1  139     SCON1     DATA 0C8H; UART1 Serial Port Control              
 00A7               +1  140     SFRPAGE   DATA 0A7H; SFR Page                               
 00CF               +1  141     SFRPGCN   DATA 0CFH; SFR Page Control                       
 00D7               +1  142     SFRSTACK  DATA 0D7H; SFR Page Stack                         
 00D6               +1  143     SMB0ADM   DATA 0D6H; SMBus 0 Slave Address Mask             
 00D7               +1  144     SMB0ADR   DATA 0D7H; SMBus 0 Slave Address                  
 00C1               +1  145     SMB0CF    DATA 0C1H; SMBus 0 Configuration                  
 00C0               +1  146     SMB0CN0   DATA 0C0H; SMBus 0 Control                        
 00C2               +1  147     SMB0DAT   DATA 0C2H; SMBus 0 Data                           
 00C3               +1  148     SMB0FCN0  DATA 0C3H; SMBus 0 FIFO Control 0                 
 00C4               +1  149     SMB0FCN1  DATA 0C4H; SMBus 0 FIFO Control 1                 
 00EF               +1  150     SMB0FCT   DATA 0EFH; SMBus 0 FIFO Count                     
 00C5               +1  151     SMB0RXLN  DATA 0C5H; SMBus 0 Receive Length Counter         
 00AC               +1  152     SMB0TC    DATA 0ACH; SMBus 0 Timing and Pin Control         
 0093               +1  153     SMOD1     DATA 093H; UART1 Mode                             
 0081               +1  154     SP        DATA 081H; Stack Pointer                          
 00A1               +1  155     SPI0CFG   DATA 0A1H; SPI0 Configuration                     
 00A2               +1  156     SPI0CKR   DATA 0A2H; SPI0 Clock Rate                        
 00F8               +1  157     SPI0CN0   DATA 0F8H; SPI0 Control                           
 00A3               +1  158     SPI0DAT   DATA 0A3H; SPI0 Data                              
 009A               +1  159     SPI0FCN0  DATA 09AH; SPI0 FIFO Control 0                    
 009B               +1  160     SPI0FCN1  DATA 09BH; SPI0 FIFO Control 1                    
 00F7               +1  161     SPI0FCT   DATA 0F7H; SPI0 FIFO Count                        
 0088               +1  162     TCON      DATA 088H; Timer 0/1 Control                      
 008C               +1  163     TH0       DATA 08CH; Timer 0 High Byte                      
 008D               +1  164     TH1       DATA 08DH; Timer 1 High Byte                      
 008A               +1  165     TL0       DATA 08AH; Timer 0 Low Byte                       
 008B               +1  166     TL1       DATA 08BH; Timer 1 Low Byte                       
 0089               +1  167     TMOD      DATA 089H; Timer 0/1 Mode                         
 00C8               +1  168     TMR2CN0   DATA 0C8H; Timer 2 Control 0                      
 00FD               +1  169     TMR2CN1   DATA 0FDH; Timer 2 Control 1                      
 00CD               +1  170     TMR2H     DATA 0CDH; Timer 2 High Byte                      
 00CC               +1  171     TMR2L     DATA 0CCH; Timer 2 Low Byte                       
 00CB               +1  172     TMR2RLH   DATA 0CBH; Timer 2 Reload High Byte               
 00CA               +1  173     TMR2RLL   DATA 0CAH; Timer 2 Reload Low Byte                
 0091               +1  174     TMR3CN0   DATA 091H; Timer 3 Control 0                      
 00FE               +1  175     TMR3CN1   DATA 0FEH; Timer 3 Control 1                      
AX51 MACRO ASSEMBLER  LEDSTRIP                                                              04/21/20 09:40:39 PAGE     4

 0095               +1  176     TMR3H     DATA 095H; Timer 3 High Byte                      
 0094               +1  177     TMR3L     DATA 094H; Timer 3 Low Byte                       
 0093               +1  178     TMR3RLH   DATA 093H; Timer 3 Reload High Byte               
 0092               +1  179     TMR3RLL   DATA 092H; Timer 3 Reload Low Byte                
 0098               +1  180     TMR4CN0   DATA 098H; Timer 4 Control 0                      
 00FF               +1  181     TMR4CN1   DATA 0FFH; Timer 4 Control 1                      
 00A5               +1  182     TMR4H     DATA 0A5H; Timer 4 High Byte                      
 00A4               +1  183     TMR4L     DATA 0A4H; Timer 4 Low Byte                       
 00A3               +1  184     TMR4RLH   DATA 0A3H; Timer 4 Reload High Byte               
 00A2               +1  185     TMR4RLL   DATA 0A2H; Timer 4 Reload Low Byte                
 009D               +1  186     UART1FCN0 DATA 09DH; UART1 FIFO Control 0                   
 00D8               +1  187     UART1FCN1 DATA 0D8H; UART1 FIFO Control 1                   
 00FA               +1  188     UART1FCT  DATA 0FAH; UART1 FIFO Count                       
 009E               +1  189     UART1LIN  DATA 09EH; UART1 LIN Configuration                
 00AE               +1  190     USB0ADR   DATA 0AEH; USB0 Indirect Address                  
 00B2               +1  191     USB0AEC   DATA 0B2H; USB0 Advanced Energy Control           
 00B6               +1  192     USB0CDCF  DATA 0B6H; USB0 Charger Detect Configuration      
 00BE               +1  193     USB0CDCN  DATA 0BEH; USB0 Charger Detect Control            
 00BF               +1  194     USB0CDSTA DATA 0BFH; USB0 Charger Detect Status             
 00B5               +1  195     USB0CF    DATA 0B5H; USB0 Configuration                     
 00AF               +1  196     USB0DAT   DATA 0AFH; USB0 Data                              
 00B3               +1  197     USB0XCN   DATA 0B3H; USB0 Transceiver Control               
 00FF               +1  198     VDM0CN    DATA 0FFH; Supply Monitor Control                 
 0097               +1  199     WDTCN     DATA 097H; Watchdog Timer Control                 
 00E1               +1  200     XBR0      DATA 0E1H; Port I/O Crossbar 0                    
 00E2               +1  201     XBR1      DATA 0E2H; Port I/O Crossbar 1                    
 00E3               +1  202     XBR2      DATA 0E3H; Port I/O Crossbar 2                    
                    +1  203     
                    +1  204     ;------------------------------------------------------------------------------
                    +1  205     ; 16-bit Register Definitions (may not work on all compilers)
                    +1  206     ;------------------------------------------------------------------------------
 00C3               +1  207     ADC0GT  DATA 0C3H ; ADC0 Greater-Than Low Byte           
 00BD               +1  208     ADC0    DATA 0BDH ; ADC0 Data Word Low Byte              
 00C5               +1  209     ADC0LT  DATA 0C5H ; ADC0 Less-Than Low Byte              
 0082               +1  210     DP      DATA 082H ; Data Pointer Low                     
 00FB               +1  211     PCA0CP0 DATA 0FBH ; PCA Channel 0 Capture Module Low Byte
 00E9               +1  212     PCA0CP1 DATA 0E9H ; PCA Channel 1 Capture Module Low Byte
 00EB               +1  213     PCA0CP2 DATA 0EBH ; PCA Channel 2 Capture Module Low Byte
 00F9               +1  214     PCA0    DATA 0F9H ; PCA Counter/Timer Low Byte           
 0095               +1  215     SBRL1   DATA 095H ; UART1 Baud Rate Generator Low Byte   
 00CC               +1  216     TMR2    DATA 0CCH ; Timer 2 Low Byte                     
 00CA               +1  217     TMR2RL  DATA 0CAH ; Timer 2 Reload Low Byte              
 0094               +1  218     TMR3    DATA 094H ; Timer 3 Low Byte                     
 0092               +1  219     TMR3RL  DATA 092H ; Timer 3 Reload Low Byte              
 00A4               +1  220     TMR4    DATA 0A4H ; Timer 4 Low Byte                     
 00A2               +1  221     TMR4RL  DATA 0A2H ; Timer 4 Reload Low Byte              
                    +1  222     
                    +1  223     ;------------------------------------------------------------------------------
                    +1  224     ; Indirect Register Definitions
                    +1  225     ;------------------------------------------------------------------------------
 000F               +1  226     CLKREC    EQU 00FH ; USB0 Clock Recovery Control       
 000B               +1  227     CMIE      EQU 00BH ; USB0 Common Interrupt Enable      
 0006               +1  228     CMINT     EQU 006H ; USB0 Common Interrupt             
 0016               +1  229     E0CNT     EQU 016H ; USB0 Endpoint0 Data Count         
 0011               +1  230     E0CSR     EQU 011H ; USB0 Endpoint0 Control            
 001E               +1  231     EENABLE   EQU 01EH ; USB0 Endpoint Enable              
 0012               +1  232     EINCSRH   EQU 012H ; USB0 IN Endpoint Control High     
 0011               +1  233     EINCSRL   EQU 011H ; USB0 IN Endpoint Control          
 0017               +1  234     EOUTCNTH  EQU 017H ; USB0 OUT Endpoint Count High      
 0016               +1  235     EOUTCNTL  EQU 016H ; USB0 OUT Endpoint Count           
 0015               +1  236     EOUTCSRH  EQU 015H ; USB0 OUT Endpoint Control High    
 0014               +1  237     EOUTCSRL  EQU 014H ; USB0 OUT Endpoint Control         
 0000               +1  238     FADDR     EQU 000H ; USB0 Function Address             
AX51 MACRO ASSEMBLER  LEDSTRIP                                                              04/21/20 09:40:39 PAGE     5

 0020               +1  239     FIFO0     EQU 020H ; USB0 Endpoint 0 FIFO Access       
 0021               +1  240     FIFO1     EQU 021H ; USB0 Endpoint 1 FIFO Access       
 0022               +1  241     FIFO2     EQU 022H ; USB0 Endpoint 2 FIFO Access       
 0023               +1  242     FIFO3     EQU 023H ; USB0 Endpoint 3 FIFO Access       
 000D               +1  243     FRAMEH    EQU 00DH ; USB0 Frame Number High            
 000C               +1  244     FRAMEL    EQU 00CH ; USB0 Frame Number                 
 0007               +1  245     IN1IE     EQU 007H ; USB0 IN Endpoint Interrupt Enable 
 0002               +1  246     IN1INT    EQU 002H ; USB0 IN Endpoint Interrupt        
 000E               +1  247     INDEX     EQU 00EH ; USB0 Endpoint Index               
 0009               +1  248     OUT1IE    EQU 009H ; USB0 OUT Endpoint Interrupt Enable
 0004               +1  249     OUT1INT   EQU 004H ; USB0 OUT Endpoint Interrupt       
 0001               +1  250     POWER     EQU 001H ; USB0 Power                        
                    +1  251     
                    +1  252     ;------------------------------------------------------------------------------
                    +1  253     ; Bit Definitions
                    +1  254     ;------------------------------------------------------------------------------
                    +1  255     
                    +1  256     ; ACC 0xE0 (Accumulator)
 00E0.0             +1  257     ACC_ACC0 BIT ACC.0 ; Accumulator Bit 0
 00E0.1             +1  258     ACC_ACC1 BIT ACC.1 ; Accumulator Bit 1
 00E0.2             +1  259     ACC_ACC2 BIT ACC.2 ; Accumulator Bit 2
 00E0.3             +1  260     ACC_ACC3 BIT ACC.3 ; Accumulator Bit 3
 00E0.4             +1  261     ACC_ACC4 BIT ACC.4 ; Accumulator Bit 4
 00E0.5             +1  262     ACC_ACC5 BIT ACC.5 ; Accumulator Bit 5
 00E0.6             +1  263     ACC_ACC6 BIT ACC.6 ; Accumulator Bit 6
 00E0.7             +1  264     ACC_ACC7 BIT ACC.7 ; Accumulator Bit 7
                    +1  265     
                    +1  266     ; ADC0CN0 0xE8 (ADC0 Control 0)
 00E8.0             +1  267     ADC0CN0_ADCM0  BIT ADC0CN0.0 ; Start of Conversion Mode Select Bit 0
 00E8.1             +1  268     ADC0CN0_ADCM1  BIT ADC0CN0.1 ; Start of Conversion Mode Select Bit 1
 00E8.2             +1  269     ADC0CN0_ADCM2  BIT ADC0CN0.2 ; Start of Conversion Mode Select Bit 2
 00E8.3             +1  270     ADC0CN0_ADWINT BIT ADC0CN0.3 ; Window Compare Interrupt Flag        
 00E8.4             +1  271     ADC0CN0_ADBUSY BIT ADC0CN0.4 ; ADC Busy                             
 00E8.5             +1  272     ADC0CN0_ADINT  BIT ADC0CN0.5 ; Conversion Complete Interrupt Flag   
 00E8.6             +1  273     ADC0CN0_ADBMEN BIT ADC0CN0.6 ; Burst Mode Enable                    
 00E8.7             +1  274     ADC0CN0_ADEN   BIT ADC0CN0.7 ; ADC Enable                           
                    +1  275     
                    +1  276     ; B 0xF0 (B Register)
 00F0.0             +1  277     B_B0 BIT B.0 ; B Register Bit 0
 00F0.1             +1  278     B_B1 BIT B.1 ; B Register Bit 1
 00F0.2             +1  279     B_B2 BIT B.2 ; B Register Bit 2
 00F0.3             +1  280     B_B3 BIT B.3 ; B Register Bit 3
 00F0.4             +1  281     B_B4 BIT B.4 ; B Register Bit 4
 00F0.5             +1  282     B_B5 BIT B.5 ; B Register Bit 5
 00F0.6             +1  283     B_B6 BIT B.6 ; B Register Bit 6
 00F0.7             +1  284     B_B7 BIT B.7 ; B Register Bit 7
                    +1  285     
                    +1  286     ; IE 0xA8 (Interrupt Enable)
 00A8.0             +1  287     IE_EX0   BIT IE.0 ; External Interrupt 0 Enable
 00A8.1             +1  288     IE_ET0   BIT IE.1 ; Timer 0 Interrupt Enable   
 00A8.2             +1  289     IE_EX1   BIT IE.2 ; External Interrupt 1 Enable
 00A8.3             +1  290     IE_ET1   BIT IE.3 ; Timer 1 Interrupt Enable   
 00A8.4             +1  291     IE_ES0   BIT IE.4 ; UART0 Interrupt Enable     
 00A8.5             +1  292     IE_ET2   BIT IE.5 ; Timer 2 Interrupt Enable   
 00A8.6             +1  293     IE_ESPI0 BIT IE.6 ; SPI0 Interrupt Enable      
 00A8.7             +1  294     IE_EA    BIT IE.7 ; All Interrupts Enable      
                    +1  295     
                    +1  296     ; IP 0xB8 (Interrupt Priority)
 00B8.0             +1  297     IP_PX0   BIT IP.0 ; External Interrupt 0 Priority Control LSB                        
 00B8.1             +1  298     IP_PT0   BIT IP.1 ; Timer 0 Interrupt Priority Control LSB                           
 00B8.2             +1  299     IP_PX1   BIT IP.2 ; External Interrupt 1 Priority Control LSB                        
 00B8.3             +1  300     IP_PT1   BIT IP.3 ; Timer 1 Interrupt Priority Control LSB                           
 00B8.4             +1  301     IP_PS0   BIT IP.4 ; UART0 Interrupt Priority Control LSB                             
AX51 MACRO ASSEMBLER  LEDSTRIP                                                              04/21/20 09:40:39 PAGE     6

 00B8.5             +1  302     IP_PT2   BIT IP.5 ; Timer 2 Interrupt Priority Control LSB                           
 00B8.6             +1  303     IP_PSPI0 BIT IP.6 ; Serial Peripheral Interface (SPI0) Interrupt Priority Control LSB
                    +1  304     
                    +1  305     ; P0 0x80 (Port 0 Pin Latch)
 0080.0             +1  306     P0_B0 BIT P0.0 ; Port 0 Bit 0 Latch
 0080.1             +1  307     P0_B1 BIT P0.1 ; Port 0 Bit 1 Latch
 0080.2             +1  308     P0_B2 BIT P0.2 ; Port 0 Bit 2 Latch
 0080.3             +1  309     P0_B3 BIT P0.3 ; Port 0 Bit 3 Latch
 0080.4             +1  310     P0_B4 BIT P0.4 ; Port 0 Bit 4 Latch
 0080.5             +1  311     P0_B5 BIT P0.5 ; Port 0 Bit 5 Latch
 0080.6             +1  312     P0_B6 BIT P0.6 ; Port 0 Bit 6 Latch
 0080.7             +1  313     P0_B7 BIT P0.7 ; Port 0 Bit 7 Latch
                    +1  314     
                    +1  315     ; P1 0x90 (Port 1 Pin Latch)
 0090.0             +1  316     P1_B0 BIT P1.0 ; Port 1 Bit 0 Latch
 0090.1             +1  317     P1_B1 BIT P1.1 ; Port 1 Bit 1 Latch
 0090.2             +1  318     P1_B2 BIT P1.2 ; Port 1 Bit 2 Latch
 0090.3             +1  319     P1_B3 BIT P1.3 ; Port 1 Bit 3 Latch
 0090.4             +1  320     P1_B4 BIT P1.4 ; Port 1 Bit 4 Latch
 0090.5             +1  321     P1_B5 BIT P1.5 ; Port 1 Bit 5 Latch
 0090.6             +1  322     P1_B6 BIT P1.6 ; Port 1 Bit 6 Latch
 0090.7             +1  323     P1_B7 BIT P1.7 ; Port 1 Bit 7 Latch
                    +1  324     
                    +1  325     ; P2 0xA0 (Port 2 Pin Latch)
 00A0.0             +1  326     P2_B0 BIT P2.0 ; Port 2 Bit 0 Latch
 00A0.1             +1  327     P2_B1 BIT P2.1 ; Port 2 Bit 1 Latch
 00A0.2             +1  328     P2_B2 BIT P2.2 ; Port 2 Bit 2 Latch
 00A0.3             +1  329     P2_B3 BIT P2.3 ; Port 2 Bit 3 Latch
                    +1  330     
                    +1  331     ; P3 0xB0 (Port 3 Pin Latch)
 00B0.0             +1  332     P3_B0 BIT P3.0 ; Port 3 Bit 0 Latch
 00B0.1             +1  333     P3_B1 BIT P3.1 ; Port 3 Bit 1 Latch
                    +1  334     
                    +1  335     ; PCA0CN0 0xD8 (PCA Control)
 00D8.0             +1  336     PCA0CN0_CCF0 BIT PCA0CN0.0 ; PCA Module 0 Capture/Compare Flag
 00D8.1             +1  337     PCA0CN0_CCF1 BIT PCA0CN0.1 ; PCA Module 1 Capture/Compare Flag
 00D8.2             +1  338     PCA0CN0_CCF2 BIT PCA0CN0.2 ; PCA Module 2 Capture/Compare Flag
 00D8.6             +1  339     PCA0CN0_CR   BIT PCA0CN0.6 ; PCA Counter/Timer Run Control    
 00D8.7             +1  340     PCA0CN0_CF   BIT PCA0CN0.7 ; PCA Counter/Timer Overflow Flag  
                    +1  341     
                    +1  342     ; PSW 0xD0 (Program Status Word)
 00D0.0             +1  343     PSW_PARITY BIT PSW.0 ; Parity Flag               
 00D0.1             +1  344     PSW_F1     BIT PSW.1 ; User Flag 1               
 00D0.2             +1  345     PSW_OV     BIT PSW.2 ; Overflow Flag             
 00D0.3             +1  346     PSW_RS0    BIT PSW.3 ; Register Bank Select Bit 0
 00D0.4             +1  347     PSW_RS1    BIT PSW.4 ; Register Bank Select Bit 1
 00D0.5             +1  348     PSW_F0     BIT PSW.5 ; User Flag 0               
 00D0.6             +1  349     PSW_AC     BIT PSW.6 ; Auxiliary Carry Flag      
 00D0.7             +1  350     PSW_CY     BIT PSW.7 ; Carry Flag                
                    +1  351     
                    +1  352     ; SCON0 0x98 (UART0 Serial Port Control)
 0098.0             +1  353     SCON0_RI    BIT SCON0.0 ; Receive Interrupt Flag             
 0098.1             +1  354     SCON0_TI    BIT SCON0.1 ; Transmit Interrupt Flag            
 0098.2             +1  355     SCON0_RB8   BIT SCON0.2 ; Ninth Receive Bit                  
 0098.3             +1  356     SCON0_TB8   BIT SCON0.3 ; Ninth Transmission Bit             
 0098.4             +1  357     SCON0_REN   BIT SCON0.4 ; Receive Enable                     
 0098.5             +1  358     SCON0_MCE   BIT SCON0.5 ; Multiprocessor Communication Enable
 0098.7             +1  359     SCON0_SMODE BIT SCON0.7 ; Serial Port 0 Operation Mode       
                    +1  360     
                    +1  361     ; SCON1 0xC8 (UART1 Serial Port Control)
 00C8.0             +1  362     SCON1_RI   BIT SCON1.0 ; Receive Interrupt Flag   
 00C8.1             +1  363     SCON1_TI   BIT SCON1.1 ; Transmit Interrupt Flag  
 00C8.2             +1  364     SCON1_RBX  BIT SCON1.2 ; Extra Receive Bit        
AX51 MACRO ASSEMBLER  LEDSTRIP                                                              04/21/20 09:40:39 PAGE     7

 00C8.3             +1  365     SCON1_TBX  BIT SCON1.3 ; Extra Transmission Bit   
 00C8.4             +1  366     SCON1_REN  BIT SCON1.4 ; Receive Enable           
 00C8.6             +1  367     SCON1_PERR BIT SCON1.6 ; Parity Error Flag        
 00C8.7             +1  368     SCON1_OVR  BIT SCON1.7 ; Receive FIFO Overrun Flag
                    +1  369     
                    +1  370     ; SMB0CN0 0xC0 (SMBus 0 Control)
 00C0.0             +1  371     SMB0CN0_SI      BIT SMB0CN0.0 ; SMBus Interrupt Flag            
 00C0.1             +1  372     SMB0CN0_ACK     BIT SMB0CN0.1 ; SMBus Acknowledge               
 00C0.2             +1  373     SMB0CN0_ARBLOST BIT SMB0CN0.2 ; SMBus Arbitration Lost Indicator
 00C0.3             +1  374     SMB0CN0_ACKRQ   BIT SMB0CN0.3 ; SMBus Acknowledge Request       
 00C0.4             +1  375     SMB0CN0_STO     BIT SMB0CN0.4 ; SMBus Stop Flag                 
 00C0.5             +1  376     SMB0CN0_STA     BIT SMB0CN0.5 ; SMBus Start Flag                
 00C0.6             +1  377     SMB0CN0_TXMODE  BIT SMB0CN0.6 ; SMBus Transmit Mode Indicator   
 00C0.7             +1  378     SMB0CN0_MASTER  BIT SMB0CN0.7 ; SMBus Master/Slave Indicator    
                    +1  379     
                    +1  380     ; SPI0CN0 0xF8 (SPI0 Control)
 00F8.0             +1  381     SPI0CN0_SPIEN  BIT SPI0CN0.0 ; SPI0 Enable            
 00F8.1             +1  382     SPI0CN0_TXNF   BIT SPI0CN0.1 ; TX FIFO Not Full       
 00F8.2             +1  383     SPI0CN0_NSSMD0 BIT SPI0CN0.2 ; Slave Select Mode Bit 0
 00F8.3             +1  384     SPI0CN0_NSSMD1 BIT SPI0CN0.3 ; Slave Select Mode Bit 1
 00F8.4             +1  385     SPI0CN0_RXOVRN BIT SPI0CN0.4 ; Receive Overrun Flag   
 00F8.5             +1  386     SPI0CN0_MODF   BIT SPI0CN0.5 ; Mode Fault Flag        
 00F8.6             +1  387     SPI0CN0_WCOL   BIT SPI0CN0.6 ; Write Collision Flag   
 00F8.7             +1  388     SPI0CN0_SPIF   BIT SPI0CN0.7 ; SPI0 Interrupt Flag    
                    +1  389     
                    +1  390     ; TCON 0x88 (Timer 0/1 Control)
 0088.0             +1  391     TCON_IT0 BIT TCON.0 ; Interrupt 0 Type Select
 0088.1             +1  392     TCON_IE0 BIT TCON.1 ; External Interrupt 0   
 0088.2             +1  393     TCON_IT1 BIT TCON.2 ; Interrupt 1 Type Select
 0088.3             +1  394     TCON_IE1 BIT TCON.3 ; External Interrupt 1   
 0088.4             +1  395     TCON_TR0 BIT TCON.4 ; Timer 0 Run Control    
 0088.5             +1  396     TCON_TF0 BIT TCON.5 ; Timer 0 Overflow Flag  
 0088.6             +1  397     TCON_TR1 BIT TCON.6 ; Timer 1 Run Control    
 0088.7             +1  398     TCON_TF1 BIT TCON.7 ; Timer 1 Overflow Flag  
                    +1  399     
                    +1  400     ; TMR2CN0 0xC8 (Timer 2 Control 0)
 00C8.0             +1  401     TMR2CN0_T2XCLK0 BIT TMR2CN0.0 ; Timer 2 External Clock Select Bit 0
 00C8.1             +1  402     TMR2CN0_T2XCLK1 BIT TMR2CN0.1 ; Timer 2 External Clock Select Bit 1
 00C8.2             +1  403     TMR2CN0_TR2     BIT TMR2CN0.2 ; Timer 2 Run Control                
 00C8.3             +1  404     TMR2CN0_T2SPLIT BIT TMR2CN0.3 ; Timer 2 Split Mode Enable          
 00C8.4             +1  405     TMR2CN0_TF2CEN  BIT TMR2CN0.4 ; Timer 2 Capture Enable             
 00C8.5             +1  406     TMR2CN0_TF2LEN  BIT TMR2CN0.5 ; Timer 2 Low Byte Interrupt Enable  
 00C8.6             +1  407     TMR2CN0_TF2L    BIT TMR2CN0.6 ; Timer 2 Low Byte Overflow Flag     
 00C8.7             +1  408     TMR2CN0_TF2H    BIT TMR2CN0.7 ; Timer 2 High Byte Overflow Flag    
                    +1  409     
                    +1  410     ; TMR4CN0 0x98 (Timer 4 Control 0)
 0098.0             +1  411     TMR4CN0_T4XCLK0 BIT TMR4CN0.0 ; Timer 4 External Clock Select Bit 0
 0098.1             +1  412     TMR4CN0_T4XCLK1 BIT TMR4CN0.1 ; Timer 4 External Clock Select Bit 1
 0098.2             +1  413     TMR4CN0_TR4     BIT TMR4CN0.2 ; Timer 4 Run Control                
 0098.3             +1  414     TMR4CN0_T4SPLIT BIT TMR4CN0.3 ; Timer 4 Split Mode Enable          
 0098.4             +1  415     TMR4CN0_TF4CEN  BIT TMR4CN0.4 ; Timer 4 Capture Enable             
 0098.5             +1  416     TMR4CN0_TF4LEN  BIT TMR4CN0.5 ; Timer 4 Low Byte Interrupt Enable  
 0098.6             +1  417     TMR4CN0_TF4L    BIT TMR4CN0.6 ; Timer 4 Low Byte Overflow Flag     
 0098.7             +1  418     TMR4CN0_TF4H    BIT TMR4CN0.7 ; Timer 4 High Byte Overflow Flag    
                    +1  419     
                    +1  420     ; UART1FCN1 0xD8 (UART1 FIFO Control 1)
 00D8.0             +1  421     UART1FCN1_RIE    BIT UART1FCN1.0 ; Receive Interrupt Enable 
 00D8.1             +1  422     UART1FCN1_RXTO0  BIT UART1FCN1.1 ; Receive Timeout Bit 0    
 00D8.2             +1  423     UART1FCN1_RXTO1  BIT UART1FCN1.2 ; Receive Timeout Bit 1    
 00D8.3             +1  424     UART1FCN1_RFRQ   BIT UART1FCN1.3 ; Receive FIFO Request     
 00D8.4             +1  425     UART1FCN1_TIE    BIT UART1FCN1.4 ; Transmit Interrupt Enable
 00D8.5             +1  426     UART1FCN1_TXHOLD BIT UART1FCN1.5 ; Transmit Hold            
 00D8.6             +1  427     UART1FCN1_TXNF   BIT UART1FCN1.6 ; TX FIFO Not Full         
AX51 MACRO ASSEMBLER  LEDSTRIP                                                              04/21/20 09:40:39 PAGE     8

 00D8.7             +1  428     UART1FCN1_TFRQ   BIT UART1FCN1.7 ; Transmit FIFO Request    
                    +1  429     
                    +1  430     ;------------------------------------------------------------------------------
                    +1  431     ; Interrupt Definitions
                    +1  432     ;------------------------------------------------------------------------------
 0000               +1  433     INT0_IRQn    EQU 0  ; External Interrupt 0      
 0001               +1  434     TIMER0_IRQn  EQU 1  ; Timer 0 Overflow          
 0002               +1  435     INT1_IRQn    EQU 2  ; External Interrupt 1      
 0003               +1  436     TIMER1_IRQn  EQU 3  ; Timer 1 Overflow          
 0004               +1  437     UART0_IRQn   EQU 4  ; UART0                     
 0005               +1  438     TIMER2_IRQn  EQU 5  ; Timer 2 Overflow / Capture
 0006               +1  439     SPI0_IRQn    EQU 6  ; SPI0                      
 0007               +1  440     SMBUS0_IRQn  EQU 7  ; SMBus 0                   
 0008               +1  441     PMATCH_IRQn  EQU 8  ; Port Match                
 0009               +1  442     ADC0WC_IRQn  EQU 9  ; ADC0 Window Compare       
 000A               +1  443     ADC0EOC_IRQn EQU 10 ; ADC0 End of Conversion    
 000B               +1  444     PCA0_IRQn    EQU 11 ; PCA0                      
 000C               +1  445     CMP0_IRQn    EQU 12 ; Comparator 0              
 000D               +1  446     CMP1_IRQn    EQU 13 ; Comparator 1              
 000E               +1  447     TIMER3_IRQn  EQU 14 ; Timer 3 Overflow / Capture
 000F               +1  448     USB0_IRQn    EQU 15 ; USB0 Events               
 0010               +1  449     VBUS_IRQn    EQU 16 ; VBUS / USB Charge Detect  
 0011               +1  450     UART1_IRQn   EQU 17 ; UART1                     
 0012               +1  451     I2C0_IRQn    EQU 18 ; I2C0 Slave                
 0013               +1  452     TIMER4_IRQn  EQU 19 ; Timer 4 Overflow / Capture
                    +1  453     
                    +1  454     ;------------------------------------------------------------------------------
                    +1  455     ; SFR Page Definitions
                    +1  456     ;------------------------------------------------------------------------------
 0000               +1  457     CRC0_PAGE       EQU 000H ; CRC0 Page       
 0000               +1  458     LEGACY_PAGE     EQU 000H ; Legacy SFR Page 
 0000               +1  459     PCA0_PAGE       EQU 000H ; PCA0 Page       
 0010               +1  460     PG2_PAGE        EQU 010H ; Page2           
 0010               +1  461     TIMER2_PAGE     EQU 010H ; Timer 2 Page    
 0010               +1  462     TIMER3_PAGE     EQU 010H ; Timer 3 Page    
 0010               +1  463     TIMER4_PAGE     EQU 010H ; Timer 4 Page    
 0020               +1  464     I2CSLAVE0_PAGE  EQU 020H ; I2C Slave 0 Page
 0020               +1  465     PG3_PAGE        EQU 020H ; Page3           
 0020               +1  466     SMB0_PAGE       EQU 020H ; SMBus 0 Page    
 0020               +1  467     SPI0_PAGE       EQU 020H ; SPI0 Page       
 0020               +1  468     UART0_PAGE      EQU 020H ; UART0 Page      
 0020               +1  469     UART1_PAGE      EQU 020H ; UART1 Page      
 0020               +1  470     USB0_PAGE       EQU 020H ; USB0 Page       
                        471     
                        472     
                        473     
------                  474     ?PR?ANYCOLORS?LEDStrip         SEGMENT CODE
------                  475     ?PR?LEDSLOOP?LEDStrip       SEGMENT CODE
                        476     PUBLIC  ANYCOLORS
                        477     PUBLIC  LEDSLOOP
                        478     
                        479     
                        480     DELAY MACRO CNT;
                        481               REPT  CNT;
                        482                NOP;
                        483                ENDM
                        484               ENDM
                        485     
                        486     LOGICAZERO MACRO;
                        487     SETB P1.4;
                        488     REPT  13;
                        489             NOP;
                        490             ENDM
AX51 MACRO ASSEMBLER  LEDSTRIP                                                              04/21/20 09:40:39 PAGE     9

                        491     CLR P1.4;
                        492     REPT  40;
                        493             NOP;
                        494             ENDM
                        495     SETB P1.4;
                        496     ENDM
                        497     
                        498     LOGICAONE MACRO;
                        499     SETB P1.4;
                        500     REPT  22;
                        501             NOP;
                        502             ENDM
                        503     CLR P1.4;
                        504     REPT  27;
                        505             NOP;
                        506             ENDM
                        507     SETB P1.4;
                        508     ENDM
                        509     
                        510     LOGICBZERO MACRO;
                        511     SETB P1.4;
                        512     REPT  8;
                        513             NOP;
                        514             ENDM
                        515     CLR P1.4;
                        516     REPT  40;
                        517             NOP;
                        518             ENDM
                        519     SETB P1.4;
                        520     ENDM
                        521     
                        522     LOGICBONE MACRO;
                        523     SETB P1.4;
                        524     REPT  22;
                        525             NOP;
                        526             ENDM
                        527     CLR P1.4;
                        528     REPT  15;
                        529             NOP;
                        530             ENDM
                        531     SETB P1.4;
                        532     ENDM
                        533     
                        534     
                        535     DELAY1US MACRO;
                        536     REPT  48;
                        537             NOP;
                        538             ENDM
                        539     ENDM
                        540     
                        541     
                        542     LOGICARESET MACRO;
                        543     CLR P1.4;
                        544     REPT  80;
                        545             DELAY1US;
                        546             ENDM
                        547     SETB P1.4;
                        548     ENDM
                        549     
                        550     COLORRED Macro;
                        551     
                        552     ;GREEN
                        553     
AX51 MACRO ASSEMBLER  LEDSTRIP                                                              04/21/20 09:40:39 PAGE    10

                        554             LOGICAZERO;
                        555             LOGICAZERO;
                        556             LOGICAZERO;
                        557             LOGICAZERO;
                        558             LOGICAZERO;
                        559             LOGICAZERO;
                        560             LOGICAZERO;
                        561             LOGICAZERO;
                        562     
                        563     ;RED
                        564     
                        565             LOGICAONE;
                        566             LOGICAONE;
                        567             LOGICAONE;
                        568             LOGICAONE;
                        569             LOGICAONE;
                        570             LOGICAONE;
                        571             LOGICAONE;
                        572             LOGICAONE;
                        573     
                        574     ;BLUE
                        575             LOGICAZERO;
                        576             LOGICAZERO;
                        577             LOGICAZERO;
                        578             LOGICAZERO;
                        579             LOGICAZERO;
                        580             LOGICAZERO;
                        581             LOGICAZERO;
                        582             LOGICAZERO;
                        583             ENDM
                        584     
                        585     
                        586     COLORBLUE Macro;
                        587     
                        588             ;GREEN
                        589                     LOGICAZERO;
                        590                     LOGICAZERO;
                        591                     LOGICAZERO;
                        592                     LOGICAZERO;
                        593                     LOGICAZERO;
                        594                     LOGICAZERO;
                        595                     LOGICAZERO;
                        596                     LOGICAZERO;
                        597     
                        598     
                        599             ;RED
                        600                     LOGICAZERO;
                        601                     LOGICAZERO;
                        602                     LOGICAZERO;
                        603                     LOGICAZERO;
                        604                     LOGICAZERO;
                        605                     LOGICAZERO;
                        606                     LOGICAZERO;
                        607                     LOGICAZERO;
                        608     
                        609             ;BLUE
                        610     
                        611                     LOGICAONE;
                        612                     LOGICAONE;
                        613                     LOGICAONE;
                        614                     LOGICAONE;
                        615                     LOGICAONE;
                        616                     LOGICAONE;
AX51 MACRO ASSEMBLER  LEDSTRIP                                                              04/21/20 09:40:39 PAGE    11

                        617                     LOGICAONE;
                        618                     LOGICAONE;
                        619     
                        620                     ENDM
                        621     
                        622     COLORGREEN Macro;
                        623     
                        624             ;GREEN
                        625                     LOGICAONE;
                        626                     LOGICAONE;
                        627                     LOGICAONE;
                        628                     LOGICAONE;
                        629                     LOGICAONE;
                        630                     LOGICAONE;
                        631                     LOGICAONE;
                        632                     LOGICAONE;
                        633     
                        634     
                        635             ;RED
                        636                     LOGICAZERO;
                        637                     LOGICAZERO;
                        638                     LOGICAZERO;
                        639                     LOGICAZERO;
                        640                     LOGICAZERO;
                        641                     LOGICAZERO;
                        642                     LOGICAZERO;
                        643                     LOGICAZERO;
                        644     
                        645             ;BLUE
                        646                     LOGICAZERO;
                        647                     LOGICAZERO;
                        648                     LOGICAZERO;
                        649                     LOGICAZERO;
                        650                     LOGICAZERO;
                        651                     LOGICAZERO;
                        652                     LOGICAZERO;
                        653                     LOGICAZERO;
                        654                     ENDM
                        655     
                        656     COLORTEST Macro;
                        657     
                        658                     LOGICAZERO;
                        659                     LOGICAZERO;
                        660                     LOGICAZERO;
                        661                     LOGICAZERO;
                        662                     LOGICAZERO;
                        663                     LOGICAZERO;
                        664                     LOGICAZERO;
                        665                     LOGICAZERO;
                        666                     ENDM
                        667     
------                  668     RSEG  ?PR?ANYCOLORS?LEDStrip
000000                  669     ANYCOLORS:
000000 75F008           670                     MOV B,#08h;
000003 740F             671                     MOV A, #0Fh;
000005 C3               672     BBSTART:        CLR C;
000006 33               673                     RLC A;
000007 4000             674                     JC CASELONE;
000009                  675+1   CASELONE:       LOGICBONE;
000034 8036             722                     JMP BBEND;
000036                  723+1   CASELZERO:      LOGICBZERO;
00006C D5F096           781     BBEND:          DJNZ B, BBSTART;
                        782     
AX51 MACRO ASSEMBLER  LEDSTRIP                                                              04/21/20 09:40:39 PAGE    12

00006F 22               783     RET
                        784     
------                  785     RSEG  ?PR?LEDSLOOP?LEDStrip
000000                  786     LEDSLOOP:
000000 D294             787     SETB P1.4;
                        788     
                        789+1    COLORGREEN
                       2277     
                       2278+1    COLORGREEN
                       3766     
                       3767+1    COLORGREEN
                       5255     
                       5256+1    LOGICARESET;
                       9422     
001F3E 020000     F    9423      JMP LEDSLOOP
                       9424     
001F41 22              9425      RET
                       9426     
                       9427      END
AX51 MACRO ASSEMBLER  LEDSTRIP                                                              04/21/20 09:40:39 PAGE    13

SYMBOL TABLE LISTING
------ ----- -------


N A M E                                 T Y P E  V A L U E     ATTRIBUTES

?PR?ANYCOLORS?LEDSTRIP . . . . . . . .  C  SEG   000070H       REL=UNIT, ALN=BYTE
?PR?LEDSLOOP?LEDSTRIP. . . . . . . . .  C  SEG   001F42H       REL=UNIT, ALN=BYTE
ACC. . . . . . . . . . . . . . . . . .  D  ADDR  00E0H     A   
ACC_ACC0 . . . . . . . . . . . . . . .  B  ADDR  00E0H.0   A   
ACC_ACC1 . . . . . . . . . . . . . . .  B  ADDR  00E0H.1   A   
ACC_ACC2 . . . . . . . . . . . . . . .  B  ADDR  00E0H.2   A   
ACC_ACC3 . . . . . . . . . . . . . . .  B  ADDR  00E0H.3   A   
ACC_ACC4 . . . . . . . . . . . . . . .  B  ADDR  00E0H.4   A   
ACC_ACC5 . . . . . . . . . . . . . . .  B  ADDR  00E0H.5   A   
ACC_ACC6 . . . . . . . . . . . . . . .  B  ADDR  00E0H.6   A   
ACC_ACC7 . . . . . . . . . . . . . . .  B  ADDR  00E0H.7   A   
ADC0 . . . . . . . . . . . . . . . . .  D  ADDR  00BDH     A   
ADC0AC . . . . . . . . . . . . . . . .  D  ADDR  00B3H     A   
ADC0CF . . . . . . . . . . . . . . . .  D  ADDR  00BCH     A   
ADC0CN0. . . . . . . . . . . . . . . .  D  ADDR  00E8H     A   
ADC0CN0_ADBMEN . . . . . . . . . . . .  B  ADDR  00E8H.6   A   
ADC0CN0_ADBUSY . . . . . . . . . . . .  B  ADDR  00E8H.4   A   
ADC0CN0_ADCM0. . . . . . . . . . . . .  B  ADDR  00E8H.0   A   
ADC0CN0_ADCM1. . . . . . . . . . . . .  B  ADDR  00E8H.1   A   
ADC0CN0_ADCM2. . . . . . . . . . . . .  B  ADDR  00E8H.2   A   
ADC0CN0_ADEN . . . . . . . . . . . . .  B  ADDR  00E8H.7   A   
ADC0CN0_ADINT. . . . . . . . . . . . .  B  ADDR  00E8H.5   A   
ADC0CN0_ADWINT . . . . . . . . . . . .  B  ADDR  00E8H.3   A   
ADC0CN1. . . . . . . . . . . . . . . .  D  ADDR  00B2H     A   
ADC0EOC_IRQN . . . . . . . . . . . . .  N  NUMB  000AH     A   
ADC0GT . . . . . . . . . . . . . . . .  D  ADDR  00C3H     A   
ADC0GTH. . . . . . . . . . . . . . . .  D  ADDR  00C4H     A   
ADC0GTL. . . . . . . . . . . . . . . .  D  ADDR  00C3H     A   
ADC0H. . . . . . . . . . . . . . . . .  D  ADDR  00BEH     A   
ADC0L. . . . . . . . . . . . . . . . .  D  ADDR  00BDH     A   
ADC0LT . . . . . . . . . . . . . . . .  D  ADDR  00C5H     A   
ADC0LTH. . . . . . . . . . . . . . . .  D  ADDR  00C6H     A   
ADC0LTL. . . . . . . . . . . . . . . .  D  ADDR  00C5H     A   
ADC0MX . . . . . . . . . . . . . . . .  D  ADDR  00BBH     A   
ADC0PWR. . . . . . . . . . . . . . . .  D  ADDR  00DFH     A   
ADC0TK . . . . . . . . . . . . . . . .  D  ADDR  00B9H     A   
ADC0WC_IRQN. . . . . . . . . . . . . .  N  NUMB  0009H     A   
ANYCOLORS. . . . . . . . . . . . . . .  C  ADDR  0000H     R   SEG=?PR?ANYCOLORS?LEDSTRIP
B. . . . . . . . . . . . . . . . . . .  D  ADDR  00F0H     A   
B_B0 . . . . . . . . . . . . . . . . .  B  ADDR  00F0H.0   A   
B_B1 . . . . . . . . . . . . . . . . .  B  ADDR  00F0H.1   A   
B_B2 . . . . . . . . . . . . . . . . .  B  ADDR  00F0H.2   A   
B_B3 . . . . . . . . . . . . . . . . .  B  ADDR  00F0H.3   A   
B_B4 . . . . . . . . . . . . . . . . .  B  ADDR  00F0H.4   A   
B_B5 . . . . . . . . . . . . . . . . .  B  ADDR  00F0H.5   A   
B_B6 . . . . . . . . . . . . . . . . .  B  ADDR  00F0H.6   A   
B_B7 . . . . . . . . . . . . . . . . .  B  ADDR  00F0H.7   A   
BBEND. . . . . . . . . . . . . . . . .  C  ADDR  006CH     R   SEG=?PR?ANYCOLORS?LEDSTRIP
BBSTART. . . . . . . . . . . . . . . .  C  ADDR  0005H     R   SEG=?PR?ANYCOLORS?LEDSTRIP
CASELONE . . . . . . . . . . . . . . .  C  ADDR  0009H     R   SEG=?PR?ANYCOLORS?LEDSTRIP
CASELZERO. . . . . . . . . . . . . . .  C  ADDR  0036H     R   SEG=?PR?ANYCOLORS?LEDSTRIP
CKCON0 . . . . . . . . . . . . . . . .  D  ADDR  008EH     A   
CKCON1 . . . . . . . . . . . . . . . .  D  ADDR  00A6H     A   
CLKREC . . . . . . . . . . . . . . . .  N  NUMB  000FH     A   
CLKSEL . . . . . . . . . . . . . . . .  D  ADDR  00A9H     A   
CMIE . . . . . . . . . . . . . . . . .  N  NUMB  000BH     A   
CMINT. . . . . . . . . . . . . . . . .  N  NUMB  0006H     A   
AX51 MACRO ASSEMBLER  LEDSTRIP                                                              04/21/20 09:40:39 PAGE    14

CMP0_IRQN. . . . . . . . . . . . . . .  N  NUMB  000CH     A   
CMP0CN0. . . . . . . . . . . . . . . .  D  ADDR  009BH     A   
CMP0CN1. . . . . . . . . . . . . . . .  D  ADDR  0099H     A   
CMP0MD . . . . . . . . . . . . . . . .  D  ADDR  009DH     A   
CMP0MX . . . . . . . . . . . . . . . .  D  ADDR  009FH     A   
CMP1_IRQN. . . . . . . . . . . . . . .  N  NUMB  000DH     A   
CMP1CN0. . . . . . . . . . . . . . . .  D  ADDR  00BFH     A   
CMP1CN1. . . . . . . . . . . . . . . .  D  ADDR  00ACH     A   
CMP1MD . . . . . . . . . . . . . . . .  D  ADDR  00ABH     A   
CMP1MX . . . . . . . . . . . . . . . .  D  ADDR  00AAH     A   
CRC0_PAGE. . . . . . . . . . . . . . .  N  NUMB  0000H     A   
CRC0CN0. . . . . . . . . . . . . . . .  D  ADDR  00CEH     A   
CRC0CN1. . . . . . . . . . . . . . . .  D  ADDR  0086H     A   
CRC0CNT. . . . . . . . . . . . . . . .  D  ADDR  00D3H     A   
CRC0DAT. . . . . . . . . . . . . . . .  D  ADDR  00DEH     A   
CRC0FLIP . . . . . . . . . . . . . . .  D  ADDR  00CFH     A   
CRC0IN . . . . . . . . . . . . . . . .  D  ADDR  00DDH     A   
CRC0ST . . . . . . . . . . . . . . . .  D  ADDR  00D2H     A   
DERIVID. . . . . . . . . . . . . . . .  D  ADDR  00ADH     A   
DEVICEID . . . . . . . . . . . . . . .  D  ADDR  00B5H     A   
DP . . . . . . . . . . . . . . . . . .  D  ADDR  0082H     A   
DPH. . . . . . . . . . . . . . . . . .  D  ADDR  0083H     A   
DPL. . . . . . . . . . . . . . . . . .  D  ADDR  0082H     A   
E0CNT. . . . . . . . . . . . . . . . .  N  NUMB  0016H     A   
E0CSR. . . . . . . . . . . . . . . . .  N  NUMB  0011H     A   
EENABLE. . . . . . . . . . . . . . . .  N  NUMB  001EH     A   
EIE1 . . . . . . . . . . . . . . . . .  D  ADDR  00E6H     A   
EIE2 . . . . . . . . . . . . . . . . .  D  ADDR  00CEH     A   
EINCSRH. . . . . . . . . . . . . . . .  N  NUMB  0012H     A   
EINCSRL. . . . . . . . . . . . . . . .  N  NUMB  0011H     A   
EIP1 . . . . . . . . . . . . . . . . .  D  ADDR  00F3H     A   
EIP1H. . . . . . . . . . . . . . . . .  D  ADDR  00F5H     A   
EIP2 . . . . . . . . . . . . . . . . .  D  ADDR  00F4H     A   
EIP2H. . . . . . . . . . . . . . . . .  D  ADDR  00F6H     A   
EMI0CN . . . . . . . . . . . . . . . .  D  ADDR  00E7H     A   
EOUTCNTH . . . . . . . . . . . . . . .  N  NUMB  0017H     A   
EOUTCNTL . . . . . . . . . . . . . . .  N  NUMB  0016H     A   
EOUTCSRH . . . . . . . . . . . . . . .  N  NUMB  0015H     A   
EOUTCSRL . . . . . . . . . . . . . . .  N  NUMB  0014H     A   
FADDR. . . . . . . . . . . . . . . . .  N  NUMB  0000H     A   
FIFO0. . . . . . . . . . . . . . . . .  N  NUMB  0020H     A   
FIFO1. . . . . . . . . . . . . . . . .  N  NUMB  0021H     A   
FIFO2. . . . . . . . . . . . . . . . .  N  NUMB  0022H     A   
FIFO3. . . . . . . . . . . . . . . . .  N  NUMB  0023H     A   
FLKEY. . . . . . . . . . . . . . . . .  D  ADDR  00B7H     A   
FRAMEH . . . . . . . . . . . . . . . .  N  NUMB  000DH     A   
FRAMEL . . . . . . . . . . . . . . . .  N  NUMB  000CH     A   
HFO0CAL. . . . . . . . . . . . . . . .  D  ADDR  00C7H     A   
HFO1CAL. . . . . . . . . . . . . . . .  D  ADDR  00D6H     A   
HFOCN. . . . . . . . . . . . . . . . .  D  ADDR  00EFH     A   
I2C0_IRQN. . . . . . . . . . . . . . .  N  NUMB  0012H     A   
I2C0CN0. . . . . . . . . . . . . . . .  D  ADDR  00BAH     A   
I2C0DIN. . . . . . . . . . . . . . . .  D  ADDR  00BCH     A   
I2C0DOUT . . . . . . . . . . . . . . .  D  ADDR  00BBH     A   
I2C0FCN0 . . . . . . . . . . . . . . .  D  ADDR  00ADH     A   
I2C0FCN1 . . . . . . . . . . . . . . .  D  ADDR  00ABH     A   
I2C0FCT. . . . . . . . . . . . . . . .  D  ADDR  00F5H     A   
I2C0SLAD . . . . . . . . . . . . . . .  D  ADDR  00BDH     A   
I2C0STAT . . . . . . . . . . . . . . .  D  ADDR  00B9H     A   
I2CSLAVE0_PAGE . . . . . . . . . . . .  N  NUMB  0020H     A   
IE . . . . . . . . . . . . . . . . . .  D  ADDR  00A8H     A   
IE_EA. . . . . . . . . . . . . . . . .  B  ADDR  00A8H.7   A   
IE_ES0 . . . . . . . . . . . . . . . .  B  ADDR  00A8H.4   A   
AX51 MACRO ASSEMBLER  LEDSTRIP                                                              04/21/20 09:40:39 PAGE    15

IE_ESPI0 . . . . . . . . . . . . . . .  B  ADDR  00A8H.6   A   
IE_ET0 . . . . . . . . . . . . . . . .  B  ADDR  00A8H.1   A   
IE_ET1 . . . . . . . . . . . . . . . .  B  ADDR  00A8H.3   A   
IE_ET2 . . . . . . . . . . . . . . . .  B  ADDR  00A8H.5   A   
IE_EX0 . . . . . . . . . . . . . . . .  B  ADDR  00A8H.0   A   
IE_EX1 . . . . . . . . . . . . . . . .  B  ADDR  00A8H.2   A   
IN1IE. . . . . . . . . . . . . . . . .  N  NUMB  0007H     A   
IN1INT . . . . . . . . . . . . . . . .  N  NUMB  0002H     A   
INDEX. . . . . . . . . . . . . . . . .  N  NUMB  000EH     A   
INT0_IRQN. . . . . . . . . . . . . . .  N  NUMB  0000H     A   
INT1_IRQN. . . . . . . . . . . . . . .  N  NUMB  0002H     A   
IP . . . . . . . . . . . . . . . . . .  D  ADDR  00B8H     A   
IP_PS0 . . . . . . . . . . . . . . . .  B  ADDR  00B8H.4   A   
IP_PSPI0 . . . . . . . . . . . . . . .  B  ADDR  00B8H.6   A   
IP_PT0 . . . . . . . . . . . . . . . .  B  ADDR  00B8H.1   A   
IP_PT1 . . . . . . . . . . . . . . . .  B  ADDR  00B8H.3   A   
IP_PT2 . . . . . . . . . . . . . . . .  B  ADDR  00B8H.5   A   
IP_PX0 . . . . . . . . . . . . . . . .  B  ADDR  00B8H.0   A   
IP_PX1 . . . . . . . . . . . . . . . .  B  ADDR  00B8H.2   A   
IPH. . . . . . . . . . . . . . . . . .  D  ADDR  00F2H     A   
IT01CF . . . . . . . . . . . . . . . .  D  ADDR  00E4H     A   
LEDSLOOP . . . . . . . . . . . . . . .  C  ADDR  0000H     R   SEG=?PR?LEDSLOOP?LEDSTRIP
LEDSTRIP . . . . . . . . . . . . . . .  -- ----  -------       
LEGACY_PAGE. . . . . . . . . . . . . .  N  NUMB  0000H     A   
LFO0CN . . . . . . . . . . . . . . . .  D  ADDR  00B1H     A   
OUT1IE . . . . . . . . . . . . . . . .  N  NUMB  0009H     A   
OUT1INT. . . . . . . . . . . . . . . .  N  NUMB  0004H     A   
P0 . . . . . . . . . . . . . . . . . .  D  ADDR  0080H     A   
P0_B0. . . . . . . . . . . . . . . . .  B  ADDR  0080H.0   A   
P0_B1. . . . . . . . . . . . . . . . .  B  ADDR  0080H.1   A   
P0_B2. . . . . . . . . . . . . . . . .  B  ADDR  0080H.2   A   
P0_B3. . . . . . . . . . . . . . . . .  B  ADDR  0080H.3   A   
P0_B4. . . . . . . . . . . . . . . . .  B  ADDR  0080H.4   A   
P0_B5. . . . . . . . . . . . . . . . .  B  ADDR  0080H.5   A   
P0_B6. . . . . . . . . . . . . . . . .  B  ADDR  0080H.6   A   
P0_B7. . . . . . . . . . . . . . . . .  B  ADDR  0080H.7   A   
P0MASK . . . . . . . . . . . . . . . .  D  ADDR  00FEH     A   
P0MAT. . . . . . . . . . . . . . . . .  D  ADDR  00FDH     A   
P0MDIN . . . . . . . . . . . . . . . .  D  ADDR  00F1H     A   
P0MDOUT. . . . . . . . . . . . . . . .  D  ADDR  00A4H     A   
P0SKIP . . . . . . . . . . . . . . . .  D  ADDR  00D4H     A   
P1 . . . . . . . . . . . . . . . . . .  D  ADDR  0090H     A   
P1_B0. . . . . . . . . . . . . . . . .  B  ADDR  0090H.0   A   
P1_B1. . . . . . . . . . . . . . . . .  B  ADDR  0090H.1   A   
P1_B2. . . . . . . . . . . . . . . . .  B  ADDR  0090H.2   A   
P1_B3. . . . . . . . . . . . . . . . .  B  ADDR  0090H.3   A   
P1_B4. . . . . . . . . . . . . . . . .  B  ADDR  0090H.4   A   
P1_B5. . . . . . . . . . . . . . . . .  B  ADDR  0090H.5   A   
P1_B6. . . . . . . . . . . . . . . . .  B  ADDR  0090H.6   A   
P1_B7. . . . . . . . . . . . . . . . .  B  ADDR  0090H.7   A   
P1MASK . . . . . . . . . . . . . . . .  D  ADDR  00EEH     A   
P1MAT. . . . . . . . . . . . . . . . .  D  ADDR  00EDH     A   
P1MDIN . . . . . . . . . . . . . . . .  D  ADDR  00F2H     A   
P1MDOUT. . . . . . . . . . . . . . . .  D  ADDR  00A5H     A   
P1SKIP . . . . . . . . . . . . . . . .  D  ADDR  00D5H     A   
P2 . . . . . . . . . . . . . . . . . .  D  ADDR  00A0H     A   
P2_B0. . . . . . . . . . . . . . . . .  B  ADDR  00A0H.0   A   
P2_B1. . . . . . . . . . . . . . . . .  B  ADDR  00A0H.1   A   
P2_B2. . . . . . . . . . . . . . . . .  B  ADDR  00A0H.2   A   
P2_B3. . . . . . . . . . . . . . . . .  B  ADDR  00A0H.3   A   
P2MASK . . . . . . . . . . . . . . . .  D  ADDR  00FCH     A   
P2MAT. . . . . . . . . . . . . . . . .  D  ADDR  00FBH     A   
P2MDIN . . . . . . . . . . . . . . . .  D  ADDR  00F3H     A   
AX51 MACRO ASSEMBLER  LEDSTRIP                                                              04/21/20 09:40:39 PAGE    16

P2MDOUT. . . . . . . . . . . . . . . .  D  ADDR  00A6H     A   
P2SKIP . . . . . . . . . . . . . . . .  D  ADDR  00CCH     A   
P3 . . . . . . . . . . . . . . . . . .  D  ADDR  00B0H     A   
P3_B0. . . . . . . . . . . . . . . . .  B  ADDR  00B0H.0   A   
P3_B1. . . . . . . . . . . . . . . . .  B  ADDR  00B0H.1   A   
P3MDIN . . . . . . . . . . . . . . . .  D  ADDR  00F4H     A   
P3MDOUT. . . . . . . . . . . . . . . .  D  ADDR  009CH     A   
PCA0 . . . . . . . . . . . . . . . . .  D  ADDR  00F9H     A   
PCA0_IRQN. . . . . . . . . . . . . . .  N  NUMB  000BH     A   
PCA0_PAGE. . . . . . . . . . . . . . .  N  NUMB  0000H     A   
PCA0CENT . . . . . . . . . . . . . . .  D  ADDR  009EH     A   
PCA0CLR. . . . . . . . . . . . . . . .  D  ADDR  009CH     A   
PCA0CN0. . . . . . . . . . . . . . . .  D  ADDR  00D8H     A   
PCA0CN0_CCF0 . . . . . . . . . . . . .  B  ADDR  00D8H.0   A   
PCA0CN0_CCF1 . . . . . . . . . . . . .  B  ADDR  00D8H.1   A   
PCA0CN0_CCF2 . . . . . . . . . . . . .  B  ADDR  00D8H.2   A   
PCA0CN0_CF . . . . . . . . . . . . . .  B  ADDR  00D8H.7   A   
PCA0CN0_CR . . . . . . . . . . . . . .  B  ADDR  00D8H.6   A   
PCA0CP0. . . . . . . . . . . . . . . .  D  ADDR  00FBH     A   
PCA0CP1. . . . . . . . . . . . . . . .  D  ADDR  00E9H     A   
PCA0CP2. . . . . . . . . . . . . . . .  D  ADDR  00EBH     A   
PCA0CPH0 . . . . . . . . . . . . . . .  D  ADDR  00FCH     A   
PCA0CPH1 . . . . . . . . . . . . . . .  D  ADDR  00EAH     A   
PCA0CPH2 . . . . . . . . . . . . . . .  D  ADDR  00ECH     A   
PCA0CPL0 . . . . . . . . . . . . . . .  D  ADDR  00FBH     A   
PCA0CPL1 . . . . . . . . . . . . . . .  D  ADDR  00E9H     A   
PCA0CPL2 . . . . . . . . . . . . . . .  D  ADDR  00EBH     A   
PCA0CPM0 . . . . . . . . . . . . . . .  D  ADDR  00DAH     A   
PCA0CPM1 . . . . . . . . . . . . . . .  D  ADDR  00DBH     A   
PCA0CPM2 . . . . . . . . . . . . . . .  D  ADDR  00DCH     A   
PCA0H. . . . . . . . . . . . . . . . .  D  ADDR  00FAH     A   
PCA0L. . . . . . . . . . . . . . . . .  D  ADDR  00F9H     A   
PCA0MD . . . . . . . . . . . . . . . .  D  ADDR  00D9H     A   
PCA0POL. . . . . . . . . . . . . . . .  D  ADDR  0096H     A   
PCA0PWM. . . . . . . . . . . . . . . .  D  ADDR  00F7H     A   
PCON0. . . . . . . . . . . . . . . . .  D  ADDR  0087H     A   
PCON1. . . . . . . . . . . . . . . . .  D  ADDR  009AH     A   
PFE0CN . . . . . . . . . . . . . . . .  D  ADDR  00C1H     A   
PG2_PAGE . . . . . . . . . . . . . . .  N  NUMB  0010H     A   
PG3_PAGE . . . . . . . . . . . . . . .  N  NUMB  0020H     A   
PMATCH_IRQN. . . . . . . . . . . . . .  N  NUMB  0008H     A   
POWER. . . . . . . . . . . . . . . . .  N  NUMB  0001H     A   
PRTDRV . . . . . . . . . . . . . . . .  D  ADDR  00F6H     A   
PSCTL. . . . . . . . . . . . . . . . .  D  ADDR  008FH     A   
PSW. . . . . . . . . . . . . . . . . .  D  ADDR  00D0H     A   
PSW_AC . . . . . . . . . . . . . . . .  B  ADDR  00D0H.6   A   
PSW_CY . . . . . . . . . . . . . . . .  B  ADDR  00D0H.7   A   
PSW_F0 . . . . . . . . . . . . . . . .  B  ADDR  00D0H.5   A   
PSW_F1 . . . . . . . . . . . . . . . .  B  ADDR  00D0H.1   A   
PSW_OV . . . . . . . . . . . . . . . .  B  ADDR  00D0H.2   A   
PSW_PARITY . . . . . . . . . . . . . .  B  ADDR  00D0H.0   A   
PSW_RS0. . . . . . . . . . . . . . . .  B  ADDR  00D0H.3   A   
PSW_RS1. . . . . . . . . . . . . . . .  B  ADDR  00D0H.4   A   
REF0CN . . . . . . . . . . . . . . . .  D  ADDR  00D1H     A   
REG0CN . . . . . . . . . . . . . . . .  D  ADDR  00C9H     A   
REG1CN . . . . . . . . . . . . . . . .  D  ADDR  00C6H     A   
REVID. . . . . . . . . . . . . . . . .  D  ADDR  00B6H     A   
RSTSRC . . . . . . . . . . . . . . . .  D  ADDR  00EFH     A   
SBCON1 . . . . . . . . . . . . . . . .  D  ADDR  0094H     A   
SBRL1. . . . . . . . . . . . . . . . .  D  ADDR  0095H     A   
SBRLH1 . . . . . . . . . . . . . . . .  D  ADDR  0096H     A   
SBRLL1 . . . . . . . . . . . . . . . .  D  ADDR  0095H     A   
SBUF0. . . . . . . . . . . . . . . . .  D  ADDR  0099H     A   
AX51 MACRO ASSEMBLER  LEDSTRIP                                                              04/21/20 09:40:39 PAGE    17

SBUF1. . . . . . . . . . . . . . . . .  D  ADDR  0092H     A   
SCON0. . . . . . . . . . . . . . . . .  D  ADDR  0098H     A   
SCON0_MCE. . . . . . . . . . . . . . .  B  ADDR  0098H.5   A   
SCON0_RB8. . . . . . . . . . . . . . .  B  ADDR  0098H.2   A   
SCON0_REN. . . . . . . . . . . . . . .  B  ADDR  0098H.4   A   
SCON0_RI . . . . . . . . . . . . . . .  B  ADDR  0098H.0   A   
SCON0_SMODE. . . . . . . . . . . . . .  B  ADDR  0098H.7   A   
SCON0_TB8. . . . . . . . . . . . . . .  B  ADDR  0098H.3   A   
SCON0_TI . . . . . . . . . . . . . . .  B  ADDR  0098H.1   A   
SCON1. . . . . . . . . . . . . . . . .  D  ADDR  00C8H     A   
SCON1_OVR. . . . . . . . . . . . . . .  B  ADDR  00C8H.7   A   
SCON1_PERR . . . . . . . . . . . . . .  B  ADDR  00C8H.6   A   
SCON1_RBX. . . . . . . . . . . . . . .  B  ADDR  00C8H.2   A   
SCON1_REN. . . . . . . . . . . . . . .  B  ADDR  00C8H.4   A   
SCON1_RI . . . . . . . . . . . . . . .  B  ADDR  00C8H.0   A   
SCON1_TBX. . . . . . . . . . . . . . .  B  ADDR  00C8H.3   A   
SCON1_TI . . . . . . . . . . . . . . .  B  ADDR  00C8H.1   A   
SFRPAGE. . . . . . . . . . . . . . . .  D  ADDR  00A7H     A   
SFRPGCN. . . . . . . . . . . . . . . .  D  ADDR  00CFH     A   
SFRSTACK . . . . . . . . . . . . . . .  D  ADDR  00D7H     A   
SMB0_PAGE. . . . . . . . . . . . . . .  N  NUMB  0020H     A   
SMB0ADM. . . . . . . . . . . . . . . .  D  ADDR  00D6H     A   
SMB0ADR. . . . . . . . . . . . . . . .  D  ADDR  00D7H     A   
SMB0CF . . . . . . . . . . . . . . . .  D  ADDR  00C1H     A   
SMB0CN0. . . . . . . . . . . . . . . .  D  ADDR  00C0H     A   
SMB0CN0_ACK. . . . . . . . . . . . . .  B  ADDR  00C0H.1   A   
SMB0CN0_ACKRQ. . . . . . . . . . . . .  B  ADDR  00C0H.3   A   
SMB0CN0_ARBLOST. . . . . . . . . . . .  B  ADDR  00C0H.2   A   
SMB0CN0_MASTER . . . . . . . . . . . .  B  ADDR  00C0H.7   A   
SMB0CN0_SI . . . . . . . . . . . . . .  B  ADDR  00C0H.0   A   
SMB0CN0_STA. . . . . . . . . . . . . .  B  ADDR  00C0H.5   A   
SMB0CN0_STO. . . . . . . . . . . . . .  B  ADDR  00C0H.4   A   
SMB0CN0_TXMODE . . . . . . . . . . . .  B  ADDR  00C0H.6   A   
SMB0DAT. . . . . . . . . . . . . . . .  D  ADDR  00C2H     A   
SMB0FCN0 . . . . . . . . . . . . . . .  D  ADDR  00C3H     A   
SMB0FCN1 . . . . . . . . . . . . . . .  D  ADDR  00C4H     A   
SMB0FCT. . . . . . . . . . . . . . . .  D  ADDR  00EFH     A   
SMB0RXLN . . . . . . . . . . . . . . .  D  ADDR  00C5H     A   
SMB0TC . . . . . . . . . . . . . . . .  D  ADDR  00ACH     A   
SMBUS0_IRQN. . . . . . . . . . . . . .  N  NUMB  0007H     A   
SMOD1. . . . . . . . . . . . . . . . .  D  ADDR  0093H     A   
SP . . . . . . . . . . . . . . . . . .  D  ADDR  0081H     A   
SPI0_IRQN. . . . . . . . . . . . . . .  N  NUMB  0006H     A   
SPI0_PAGE. . . . . . . . . . . . . . .  N  NUMB  0020H     A   
SPI0CFG. . . . . . . . . . . . . . . .  D  ADDR  00A1H     A   
SPI0CKR. . . . . . . . . . . . . . . .  D  ADDR  00A2H     A   
SPI0CN0. . . . . . . . . . . . . . . .  D  ADDR  00F8H     A   
SPI0CN0_MODF . . . . . . . . . . . . .  B  ADDR  00F8H.5   A   
SPI0CN0_NSSMD0 . . . . . . . . . . . .  B  ADDR  00F8H.2   A   
SPI0CN0_NSSMD1 . . . . . . . . . . . .  B  ADDR  00F8H.3   A   
SPI0CN0_RXOVRN . . . . . . . . . . . .  B  ADDR  00F8H.4   A   
SPI0CN0_SPIEN. . . . . . . . . . . . .  B  ADDR  00F8H.0   A   
SPI0CN0_SPIF . . . . . . . . . . . . .  B  ADDR  00F8H.7   A   
SPI0CN0_TXNF . . . . . . . . . . . . .  B  ADDR  00F8H.1   A   
SPI0CN0_WCOL . . . . . . . . . . . . .  B  ADDR  00F8H.6   A   
SPI0DAT. . . . . . . . . . . . . . . .  D  ADDR  00A3H     A   
SPI0FCN0 . . . . . . . . . . . . . . .  D  ADDR  009AH     A   
SPI0FCN1 . . . . . . . . . . . . . . .  D  ADDR  009BH     A   
SPI0FCT. . . . . . . . . . . . . . . .  D  ADDR  00F7H     A   
TCON . . . . . . . . . . . . . . . . .  D  ADDR  0088H     A   
TCON_IE0 . . . . . . . . . . . . . . .  B  ADDR  0088H.1   A   
TCON_IE1 . . . . . . . . . . . . . . .  B  ADDR  0088H.3   A   
TCON_IT0 . . . . . . . . . . . . . . .  B  ADDR  0088H.0   A   
AX51 MACRO ASSEMBLER  LEDSTRIP                                                              04/21/20 09:40:39 PAGE    18

TCON_IT1 . . . . . . . . . . . . . . .  B  ADDR  0088H.2   A   
TCON_TF0 . . . . . . . . . . . . . . .  B  ADDR  0088H.5   A   
TCON_TF1 . . . . . . . . . . . . . . .  B  ADDR  0088H.7   A   
TCON_TR0 . . . . . . . . . . . . . . .  B  ADDR  0088H.4   A   
TCON_TR1 . . . . . . . . . . . . . . .  B  ADDR  0088H.6   A   
TH0. . . . . . . . . . . . . . . . . .  D  ADDR  008CH     A   
TH1. . . . . . . . . . . . . . . . . .  D  ADDR  008DH     A   
TIMER0_IRQN. . . . . . . . . . . . . .  N  NUMB  0001H     A   
TIMER1_IRQN. . . . . . . . . . . . . .  N  NUMB  0003H     A   
TIMER2_IRQN. . . . . . . . . . . . . .  N  NUMB  0005H     A   
TIMER2_PAGE. . . . . . . . . . . . . .  N  NUMB  0010H     A   
TIMER3_IRQN. . . . . . . . . . . . . .  N  NUMB  000EH     A   
TIMER3_PAGE. . . . . . . . . . . . . .  N  NUMB  0010H     A   
TIMER4_IRQN. . . . . . . . . . . . . .  N  NUMB  0013H     A   
TIMER4_PAGE. . . . . . . . . . . . . .  N  NUMB  0010H     A   
TL0. . . . . . . . . . . . . . . . . .  D  ADDR  008AH     A   
TL1. . . . . . . . . . . . . . . . . .  D  ADDR  008BH     A   
TMOD . . . . . . . . . . . . . . . . .  D  ADDR  0089H     A   
TMR2 . . . . . . . . . . . . . . . . .  D  ADDR  00CCH     A   
TMR2CN0. . . . . . . . . . . . . . . .  D  ADDR  00C8H     A   
TMR2CN0_T2SPLIT. . . . . . . . . . . .  B  ADDR  00C8H.3   A   
TMR2CN0_T2XCLK0. . . . . . . . . . . .  B  ADDR  00C8H.0   A   
TMR2CN0_T2XCLK1. . . . . . . . . . . .  B  ADDR  00C8H.1   A   
TMR2CN0_TF2CEN . . . . . . . . . . . .  B  ADDR  00C8H.4   A   
TMR2CN0_TF2H . . . . . . . . . . . . .  B  ADDR  00C8H.7   A   
TMR2CN0_TF2L . . . . . . . . . . . . .  B  ADDR  00C8H.6   A   
TMR2CN0_TF2LEN . . . . . . . . . . . .  B  ADDR  00C8H.5   A   
TMR2CN0_TR2. . . . . . . . . . . . . .  B  ADDR  00C8H.2   A   
TMR2CN1. . . . . . . . . . . . . . . .  D  ADDR  00FDH     A   
TMR2H. . . . . . . . . . . . . . . . .  D  ADDR  00CDH     A   
TMR2L. . . . . . . . . . . . . . . . .  D  ADDR  00CCH     A   
TMR2RL . . . . . . . . . . . . . . . .  D  ADDR  00CAH     A   
TMR2RLH. . . . . . . . . . . . . . . .  D  ADDR  00CBH     A   
TMR2RLL. . . . . . . . . . . . . . . .  D  ADDR  00CAH     A   
TMR3 . . . . . . . . . . . . . . . . .  D  ADDR  0094H     A   
TMR3CN0. . . . . . . . . . . . . . . .  D  ADDR  0091H     A   
TMR3CN1. . . . . . . . . . . . . . . .  D  ADDR  00FEH     A   
TMR3H. . . . . . . . . . . . . . . . .  D  ADDR  0095H     A   
TMR3L. . . . . . . . . . . . . . . . .  D  ADDR  0094H     A   
TMR3RL . . . . . . . . . . . . . . . .  D  ADDR  0092H     A   
TMR3RLH. . . . . . . . . . . . . . . .  D  ADDR  0093H     A   
TMR3RLL. . . . . . . . . . . . . . . .  D  ADDR  0092H     A   
TMR4 . . . . . . . . . . . . . . . . .  D  ADDR  00A4H     A   
TMR4CN0. . . . . . . . . . . . . . . .  D  ADDR  0098H     A   
TMR4CN0_T4SPLIT. . . . . . . . . . . .  B  ADDR  0098H.3   A   
TMR4CN0_T4XCLK0. . . . . . . . . . . .  B  ADDR  0098H.0   A   
TMR4CN0_T4XCLK1. . . . . . . . . . . .  B  ADDR  0098H.1   A   
TMR4CN0_TF4CEN . . . . . . . . . . . .  B  ADDR  0098H.4   A   
TMR4CN0_TF4H . . . . . . . . . . . . .  B  ADDR  0098H.7   A   
TMR4CN0_TF4L . . . . . . . . . . . . .  B  ADDR  0098H.6   A   
TMR4CN0_TF4LEN . . . . . . . . . . . .  B  ADDR  0098H.5   A   
TMR4CN0_TR4. . . . . . . . . . . . . .  B  ADDR  0098H.2   A   
TMR4CN1. . . . . . . . . . . . . . . .  D  ADDR  00FFH     A   
TMR4H. . . . . . . . . . . . . . . . .  D  ADDR  00A5H     A   
TMR4L. . . . . . . . . . . . . . . . .  D  ADDR  00A4H     A   
TMR4RL . . . . . . . . . . . . . . . .  D  ADDR  00A2H     A   
TMR4RLH. . . . . . . . . . . . . . . .  D  ADDR  00A3H     A   
TMR4RLL. . . . . . . . . . . . . . . .  D  ADDR  00A2H     A   
UART0_IRQN . . . . . . . . . . . . . .  N  NUMB  0004H     A   
UART0_PAGE . . . . . . . . . . . . . .  N  NUMB  0020H     A   
UART1_IRQN . . . . . . . . . . . . . .  N  NUMB  0011H     A   
UART1_PAGE . . . . . . . . . . . . . .  N  NUMB  0020H     A   
UART1FCN0. . . . . . . . . . . . . . .  D  ADDR  009DH     A   
AX51 MACRO ASSEMBLER  LEDSTRIP                                                              04/21/20 09:40:39 PAGE    19

UART1FCN1. . . . . . . . . . . . . . .  D  ADDR  00D8H     A   
UART1FCN1_RFRQ . . . . . . . . . . . .  B  ADDR  00D8H.3   A   
UART1FCN1_RIE. . . . . . . . . . . . .  B  ADDR  00D8H.0   A   
UART1FCN1_RXTO0. . . . . . . . . . . .  B  ADDR  00D8H.1   A   
UART1FCN1_RXTO1. . . . . . . . . . . .  B  ADDR  00D8H.2   A   
UART1FCN1_TFRQ . . . . . . . . . . . .  B  ADDR  00D8H.7   A   
UART1FCN1_TIE. . . . . . . . . . . . .  B  ADDR  00D8H.4   A   
UART1FCN1_TXHOLD . . . . . . . . . . .  B  ADDR  00D8H.5   A   
UART1FCN1_TXNF . . . . . . . . . . . .  B  ADDR  00D8H.6   A   
UART1FCT . . . . . . . . . . . . . . .  D  ADDR  00FAH     A   
UART1LIN . . . . . . . . . . . . . . .  D  ADDR  009EH     A   
USB0_IRQN. . . . . . . . . . . . . . .  N  NUMB  000FH     A   
USB0_PAGE. . . . . . . . . . . . . . .  N  NUMB  0020H     A   
USB0ADR. . . . . . . . . . . . . . . .  D  ADDR  00AEH     A   
USB0AEC. . . . . . . . . . . . . . . .  D  ADDR  00B2H     A   
USB0CDCF . . . . . . . . . . . . . . .  D  ADDR  00B6H     A   
USB0CDCN . . . . . . . . . . . . . . .  D  ADDR  00BEH     A   
USB0CDSTA. . . . . . . . . . . . . . .  D  ADDR  00BFH     A   
USB0CF . . . . . . . . . . . . . . . .  D  ADDR  00B5H     A   
USB0DAT. . . . . . . . . . . . . . . .  D  ADDR  00AFH     A   
USB0XCN. . . . . . . . . . . . . . . .  D  ADDR  00B3H     A   
VBUS_IRQN. . . . . . . . . . . . . . .  N  NUMB  0010H     A   
VDM0CN . . . . . . . . . . . . . . . .  D  ADDR  00FFH     A   
WDTCN. . . . . . . . . . . . . . . . .  D  ADDR  0097H     A   
XBR0 . . . . . . . . . . . . . . . . .  D  ADDR  00E1H     A   
XBR1 . . . . . . . . . . . . . . . . .  D  ADDR  00E2H     A   
XBR2 . . . . . . . . . . . . . . . . .  D  ADDR  00E3H     A   


REGISTER BANK(S) USED: 0 


ASSEMBLY COMPLETE.  0 WARNING(S), 0 ERROR(S).
